<?xml version="1.0" encoding="UTF-8"?>
<robot generator="Robot 3.1.2 (Python 3.7.1 on win32)" generated="20190821 17:08:43.260" rpa="false">
<suite id="s1" name="Robustness" source="D:\603020290-9\WebDemo-master\demoapp\html\lab4\Robustness.robot">
<test id="s1-t1" name="a=1&gt;1">
<kw name="Open Browser" library="SeleniumLibrary">
<doc>Opens a new browser instance to the given ``url``.</doc>
<arguments>
<arg>${TRIANGLE URL}</arg>
<arg>${BROWSER}</arg>
</arguments>
<msg timestamp="20190821 17:08:43.388" level="INFO">Opening browser 'Chrome' to base url 'http://localhost:7272/lab4/TriangleProblem.html'.</msg>
<status status="PASS" starttime="20190821 17:08:43.388" endtime="20190821 17:08:46.295"></status>
</kw>
<kw name="Set Selenium Speed" library="SeleniumLibrary">
<doc>Sets the delay that is waited after each Selenium command.</doc>
<arguments>
<arg>${DELAY}</arg>
</arguments>
<status status="PASS" starttime="20190821 17:08:46.295" endtime="20190821 17:08:46.296"></status>
</kw>
<kw name="Capture Page Screenshot" library="SeleniumLibrary">
<doc>Takes screenshot of the current page and embeds it into log file.</doc>
<msg timestamp="20190821 17:08:46.743" level="INFO" html="yes">&lt;/td&gt;&lt;/tr&gt;&lt;tr&gt;&lt;td colspan="3"&gt;&lt;a href="selenium-screenshot-20.png"&gt;&lt;img src="selenium-screenshot-20.png" width="800px"&gt;&lt;/a&gt;</msg>
<status status="PASS" starttime="20190821 17:08:46.296" endtime="20190821 17:08:46.743"></status>
</kw>
<kw name="Input Text" library="SeleniumLibrary">
<doc>Types the given ``text`` into text field identified by ``locator``.</doc>
<arguments>
<arg>side_a</arg>
<arg>175</arg>
</arguments>
<msg timestamp="20190821 17:08:46.744" level="INFO">Typing text '175' into text field 'side_a'.</msg>
<status status="PASS" starttime="20190821 17:08:46.743" endtime="20190821 17:08:47.119"></status>
</kw>
<kw name="Input Text" library="SeleniumLibrary">
<doc>Types the given ``text`` into text field identified by ``locator``.</doc>
<arguments>
<arg>side_b</arg>
<arg>0</arg>
</arguments>
<msg timestamp="20190821 17:08:47.119" level="INFO">Typing text '0' into text field 'side_b'.</msg>
<status status="PASS" starttime="20190821 17:08:47.119" endtime="20190821 17:08:47.487"></status>
</kw>
<kw name="Input Text" library="SeleniumLibrary">
<doc>Types the given ``text`` into text field identified by ``locator``.</doc>
<arguments>
<arg>side_c</arg>
<arg>175</arg>
</arguments>
<msg timestamp="20190821 17:08:47.487" level="INFO">Typing text '175' into text field 'side_c'.</msg>
<status status="PASS" starttime="20190821 17:08:47.487" endtime="20190821 17:08:47.860"></status>
</kw>
<kw name="Click Button" library="SeleniumLibrary">
<doc>Clicks button identified by ``locator``.</doc>
<arguments>
<arg>submit</arg>
</arguments>
<msg timestamp="20190821 17:08:47.862" level="INFO">Clicking button 'submit'.</msg>
<status status="PASS" starttime="20190821 17:08:47.861" endtime="20190821 17:08:48.353"></status>
</kw>
<kw name="Wait Until Page Contains" library="SeleniumLibrary">
<doc>Waits until ``text`` appears on current page.</doc>
<arguments>
<arg>Vaules of a and b are not in the range of values</arg>
</arguments>
<kw name="Capture Page Screenshot" library="SeleniumLibrary">
<doc>Takes screenshot of the current page and embeds it into log file.</doc>
<msg timestamp="20190821 17:08:53.953" level="INFO" html="yes">&lt;/td&gt;&lt;/tr&gt;&lt;tr&gt;&lt;td colspan="3"&gt;&lt;a href="selenium-screenshot-21.png"&gt;&lt;img src="selenium-screenshot-21.png" width="800px"&gt;&lt;/a&gt;</msg>
<status status="PASS" starttime="20190821 17:08:53.538" endtime="20190821 17:08:53.954"></status>
</kw>
<msg timestamp="20190821 17:08:53.957" level="FAIL">Text 'Vaules of a and b are not in the range of values' did not appear in 5 seconds.</msg>
<status status="FAIL" starttime="20190821 17:08:48.354" endtime="20190821 17:08:53.958"></status>
</kw>
<status status="FAIL" starttime="20190821 17:08:43.387" endtime="20190821 17:08:53.959" critical="yes">Text 'Vaules of a and b are not in the range of values' did not appear in 5 seconds.</status>
</test>
<test id="s1-t2" name="a=1&gt;2">
<kw name="Input Text" library="SeleniumLibrary">
<doc>Types the given ``text`` into text field identified by ``locator``.</doc>
<arguments>
<arg>side_a</arg>
<arg>175</arg>
</arguments>
<msg timestamp="20190821 17:08:53.965" level="INFO">Typing text '175' into text field 'side_a'.</msg>
<status status="PASS" starttime="20190821 17:08:53.965" endtime="20190821 17:08:54.380"></status>
</kw>
<kw name="Input Text" library="SeleniumLibrary">
<doc>Types the given ``text`` into text field identified by ``locator``.</doc>
<arguments>
<arg>side_b</arg>
<arg>1</arg>
</arguments>
<msg timestamp="20190821 17:08:54.382" level="INFO">Typing text '1' into text field 'side_b'.</msg>
<status status="PASS" starttime="20190821 17:08:54.381" endtime="20190821 17:08:54.833"></status>
</kw>
<kw name="Input Text" library="SeleniumLibrary">
<doc>Types the given ``text`` into text field identified by ``locator``.</doc>
<arguments>
<arg>side_c</arg>
<arg>175</arg>
</arguments>
<msg timestamp="20190821 17:08:54.835" level="INFO">Typing text '175' into text field 'side_c'.</msg>
<status status="PASS" starttime="20190821 17:08:54.834" endtime="20190821 17:08:55.258"></status>
</kw>
<kw name="Click Button" library="SeleniumLibrary">
<doc>Clicks button identified by ``locator``.</doc>
<arguments>
<arg>submit</arg>
</arguments>
<msg timestamp="20190821 17:08:55.260" level="INFO">Clicking button 'submit'.</msg>
<status status="PASS" starttime="20190821 17:08:55.259" endtime="20190821 17:08:55.679"></status>
</kw>
<kw name="Wait Until Page Contains" library="SeleniumLibrary">
<doc>Waits until ``text`` appears on current page.</doc>
<arguments>
<arg>Vaules of a and b are not in the range of values</arg>
</arguments>
<kw name="Capture Page Screenshot" library="SeleniumLibrary">
<doc>Takes screenshot of the current page and embeds it into log file.</doc>
<msg timestamp="20190821 17:09:01.244" level="INFO" html="yes">&lt;/td&gt;&lt;/tr&gt;&lt;tr&gt;&lt;td colspan="3"&gt;&lt;a href="selenium-screenshot-22.png"&gt;&lt;img src="selenium-screenshot-22.png" width="800px"&gt;&lt;/a&gt;</msg>
<status status="PASS" starttime="20190821 17:09:00.843" endtime="20190821 17:09:01.245"></status>
</kw>
<msg timestamp="20190821 17:09:01.247" level="FAIL">Text 'Vaules of a and b are not in the range of values' did not appear in 5 seconds.</msg>
<status status="FAIL" starttime="20190821 17:08:55.680" endtime="20190821 17:09:01.247"></status>
</kw>
<status status="FAIL" starttime="20190821 17:08:53.963" endtime="20190821 17:09:01.248" critical="yes">Text 'Vaules of a and b are not in the range of values' did not appear in 5 seconds.</status>
</test>
<test id="s1-t3" name="a=1&gt;3">
<kw name="Input Text" library="SeleniumLibrary">
<doc>Types the given ``text`` into text field identified by ``locator``.</doc>
<arguments>
<arg>side_a</arg>
<arg>175</arg>
</arguments>
<msg timestamp="20190821 17:09:01.254" level="INFO">Typing text '175' into text field 'side_a'.</msg>
<status status="PASS" starttime="20190821 17:09:01.253" endtime="20190821 17:09:01.682"></status>
</kw>
<kw name="Input Text" library="SeleniumLibrary">
<doc>Types the given ``text`` into text field identified by ``locator``.</doc>
<arguments>
<arg>side_b</arg>
<arg>2</arg>
</arguments>
<msg timestamp="20190821 17:09:01.684" level="INFO">Typing text '2' into text field 'side_b'.</msg>
<status status="PASS" starttime="20190821 17:09:01.683" endtime="20190821 17:09:02.102"></status>
</kw>
<kw name="Input Text" library="SeleniumLibrary">
<doc>Types the given ``text`` into text field identified by ``locator``.</doc>
<arguments>
<arg>side_c</arg>
<arg>175</arg>
</arguments>
<msg timestamp="20190821 17:09:02.104" level="INFO">Typing text '175' into text field 'side_c'.</msg>
<status status="PASS" starttime="20190821 17:09:02.103" endtime="20190821 17:09:02.484"></status>
</kw>
<kw name="Click Button" library="SeleniumLibrary">
<doc>Clicks button identified by ``locator``.</doc>
<arguments>
<arg>submit</arg>
</arguments>
<msg timestamp="20190821 17:09:02.486" level="INFO">Clicking button 'submit'.</msg>
<status status="PASS" starttime="20190821 17:09:02.485" endtime="20190821 17:09:02.887"></status>
</kw>
<kw name="Wait Until Page Contains" library="SeleniumLibrary">
<doc>Waits until ``text`` appears on current page.</doc>
<arguments>
<arg>Vaules of a and b are not in the range of values</arg>
</arguments>
<kw name="Capture Page Screenshot" library="SeleniumLibrary">
<doc>Takes screenshot of the current page and embeds it into log file.</doc>
<msg timestamp="20190821 17:09:08.467" level="INFO" html="yes">&lt;/td&gt;&lt;/tr&gt;&lt;tr&gt;&lt;td colspan="3"&gt;&lt;a href="selenium-screenshot-23.png"&gt;&lt;img src="selenium-screenshot-23.png" width="800px"&gt;&lt;/a&gt;</msg>
<status status="PASS" starttime="20190821 17:09:08.031" endtime="20190821 17:09:08.467"></status>
</kw>
<msg timestamp="20190821 17:09:08.469" level="FAIL">Text 'Vaules of a and b are not in the range of values' did not appear in 5 seconds.</msg>
<status status="FAIL" starttime="20190821 17:09:02.888" endtime="20190821 17:09:08.469"></status>
</kw>
<status status="FAIL" starttime="20190821 17:09:01.252" endtime="20190821 17:09:08.471" critical="yes">Text 'Vaules of a and b are not in the range of values' did not appear in 5 seconds.</status>
</test>
<test id="s1-t4" name="a=1&gt;4">
<kw name="Input Text" library="SeleniumLibrary">
<doc>Types the given ``text`` into text field identified by ``locator``.</doc>
<arguments>
<arg>side_a</arg>
<arg>175</arg>
</arguments>
<msg timestamp="20190821 17:09:08.478" level="INFO">Typing text '175' into text field 'side_a'.</msg>
<status status="PASS" starttime="20190821 17:09:08.478" endtime="20190821 17:09:08.900"></status>
</kw>
<kw name="Input Text" library="SeleniumLibrary">
<doc>Types the given ``text`` into text field identified by ``locator``.</doc>
<arguments>
<arg>side_b</arg>
<arg>175</arg>
</arguments>
<msg timestamp="20190821 17:09:08.902" level="INFO">Typing text '175' into text field 'side_b'.</msg>
<status status="PASS" starttime="20190821 17:09:08.901" endtime="20190821 17:09:09.316"></status>
</kw>
<kw name="Input Text" library="SeleniumLibrary">
<doc>Types the given ``text`` into text field identified by ``locator``.</doc>
<arguments>
<arg>side_c</arg>
<arg>175</arg>
</arguments>
<msg timestamp="20190821 17:09:09.318" level="INFO">Typing text '175' into text field 'side_c'.</msg>
<status status="PASS" starttime="20190821 17:09:09.317" endtime="20190821 17:09:09.741"></status>
</kw>
<kw name="Click Button" library="SeleniumLibrary">
<doc>Clicks button identified by ``locator``.</doc>
<arguments>
<arg>submit</arg>
</arguments>
<msg timestamp="20190821 17:09:09.743" level="INFO">Clicking button 'submit'.</msg>
<status status="PASS" starttime="20190821 17:09:09.742" endtime="20190821 17:09:10.142"></status>
</kw>
<kw name="Wait Until Page Contains" library="SeleniumLibrary">
<doc>Waits until ``text`` appears on current page.</doc>
<arguments>
<arg>Vaules of a and b are not in the range of values</arg>
</arguments>
<kw name="Capture Page Screenshot" library="SeleniumLibrary">
<doc>Takes screenshot of the current page and embeds it into log file.</doc>
<msg timestamp="20190821 17:09:15.726" level="INFO" html="yes">&lt;/td&gt;&lt;/tr&gt;&lt;tr&gt;&lt;td colspan="3"&gt;&lt;a href="selenium-screenshot-24.png"&gt;&lt;img src="selenium-screenshot-24.png" width="800px"&gt;&lt;/a&gt;</msg>
<status status="PASS" starttime="20190821 17:09:15.314" endtime="20190821 17:09:15.727"></status>
</kw>
<msg timestamp="20190821 17:09:15.729" level="FAIL">Text 'Vaules of a and b are not in the range of values' did not appear in 5 seconds.</msg>
<status status="FAIL" starttime="20190821 17:09:10.143" endtime="20190821 17:09:15.729"></status>
</kw>
<status status="FAIL" starttime="20190821 17:09:08.476" endtime="20190821 17:09:15.730" critical="yes">Text 'Vaules of a and b are not in the range of values' did not appear in 5 seconds.</status>
</test>
<test id="s1-t5" name="a=1&gt;5">
<kw name="Input Text" library="SeleniumLibrary">
<doc>Types the given ``text`` into text field identified by ``locator``.</doc>
<arguments>
<arg>side_a</arg>
<arg>175</arg>
</arguments>
<msg timestamp="20190821 17:09:15.738" level="INFO">Typing text '175' into text field 'side_a'.</msg>
<status status="PASS" starttime="20190821 17:09:15.737" endtime="20190821 17:09:16.140"></status>
</kw>
<kw name="Input Text" library="SeleniumLibrary">
<doc>Types the given ``text`` into text field identified by ``locator``.</doc>
<arguments>
<arg>side_b</arg>
<arg>349</arg>
</arguments>
<msg timestamp="20190821 17:09:16.142" level="INFO">Typing text '349' into text field 'side_b'.</msg>
<status status="PASS" starttime="20190821 17:09:16.141" endtime="20190821 17:09:16.568"></status>
</kw>
<kw name="Input Text" library="SeleniumLibrary">
<doc>Types the given ``text`` into text field identified by ``locator``.</doc>
<arguments>
<arg>side_c</arg>
<arg>175</arg>
</arguments>
<msg timestamp="20190821 17:09:16.570" level="INFO">Typing text '175' into text field 'side_c'.</msg>
<status status="PASS" starttime="20190821 17:09:16.569" endtime="20190821 17:09:16.962"></status>
</kw>
<kw name="Click Button" library="SeleniumLibrary">
<doc>Clicks button identified by ``locator``.</doc>
<arguments>
<arg>submit</arg>
</arguments>
<msg timestamp="20190821 17:09:16.964" level="INFO">Clicking button 'submit'.</msg>
<status status="PASS" starttime="20190821 17:09:16.963" endtime="20190821 17:09:17.367"></status>
</kw>
<kw name="Wait Until Page Contains" library="SeleniumLibrary">
<doc>Waits until ``text`` appears on current page.</doc>
<arguments>
<arg>Vaules of a and b are not in the range of values</arg>
</arguments>
<kw name="Capture Page Screenshot" library="SeleniumLibrary">
<doc>Takes screenshot of the current page and embeds it into log file.</doc>
<msg timestamp="20190821 17:09:22.967" level="INFO" html="yes">&lt;/td&gt;&lt;/tr&gt;&lt;tr&gt;&lt;td colspan="3"&gt;&lt;a href="selenium-screenshot-25.png"&gt;&lt;img src="selenium-screenshot-25.png" width="800px"&gt;&lt;/a&gt;</msg>
<status status="PASS" starttime="20190821 17:09:22.533" endtime="20190821 17:09:22.968"></status>
</kw>
<msg timestamp="20190821 17:09:22.970" level="FAIL">Text 'Vaules of a and b are not in the range of values' did not appear in 5 seconds.</msg>
<status status="FAIL" starttime="20190821 17:09:17.368" endtime="20190821 17:09:22.970"></status>
</kw>
<status status="FAIL" starttime="20190821 17:09:15.736" endtime="20190821 17:09:22.971" critical="yes">Text 'Vaules of a and b are not in the range of values' did not appear in 5 seconds.</status>
</test>
<test id="s1-t6" name="a=1&gt;6">
<kw name="Input Text" library="SeleniumLibrary">
<doc>Types the given ``text`` into text field identified by ``locator``.</doc>
<arguments>
<arg>side_a</arg>
<arg>175</arg>
</arguments>
<msg timestamp="20190821 17:09:22.980" level="INFO">Typing text '175' into text field 'side_a'.</msg>
<status status="PASS" starttime="20190821 17:09:22.979" endtime="20190821 17:09:23.402"></status>
</kw>
<kw name="Input Text" library="SeleniumLibrary">
<doc>Types the given ``text`` into text field identified by ``locator``.</doc>
<arguments>
<arg>side_b</arg>
<arg>350</arg>
</arguments>
<msg timestamp="20190821 17:09:23.404" level="INFO">Typing text '350' into text field 'side_b'.</msg>
<status status="PASS" starttime="20190821 17:09:23.403" endtime="20190821 17:09:23.823"></status>
</kw>
<kw name="Input Text" library="SeleniumLibrary">
<doc>Types the given ``text`` into text field identified by ``locator``.</doc>
<arguments>
<arg>side_c</arg>
<arg>175</arg>
</arguments>
<msg timestamp="20190821 17:09:23.825" level="INFO">Typing text '175' into text field 'side_c'.</msg>
<status status="PASS" starttime="20190821 17:09:23.824" endtime="20190821 17:09:24.240"></status>
</kw>
<kw name="Click Button" library="SeleniumLibrary">
<doc>Clicks button identified by ``locator``.</doc>
<arguments>
<arg>submit</arg>
</arguments>
<msg timestamp="20190821 17:09:24.242" level="INFO">Clicking button 'submit'.</msg>
<status status="PASS" starttime="20190821 17:09:24.241" endtime="20190821 17:09:24.628"></status>
</kw>
<kw name="Wait Until Page Contains" library="SeleniumLibrary">
<doc>Waits until ``text`` appears on current page.</doc>
<arguments>
<arg>Vaules of a and b are not in the range of values</arg>
</arguments>
<kw name="Capture Page Screenshot" library="SeleniumLibrary">
<doc>Takes screenshot of the current page and embeds it into log file.</doc>
<msg timestamp="20190821 17:09:30.156" level="INFO" html="yes">&lt;/td&gt;&lt;/tr&gt;&lt;tr&gt;&lt;td colspan="3"&gt;&lt;a href="selenium-screenshot-26.png"&gt;&lt;img src="selenium-screenshot-26.png" width="800px"&gt;&lt;/a&gt;</msg>
<status status="PASS" starttime="20190821 17:09:29.777" endtime="20190821 17:09:30.157"></status>
</kw>
<msg timestamp="20190821 17:09:30.159" level="FAIL">Text 'Vaules of a and b are not in the range of values' did not appear in 5 seconds.</msg>
<status status="FAIL" starttime="20190821 17:09:24.628" endtime="20190821 17:09:30.159"></status>
</kw>
<status status="FAIL" starttime="20190821 17:09:22.977" endtime="20190821 17:09:30.160" critical="yes">Text 'Vaules of a and b are not in the range of values' did not appear in 5 seconds.</status>
</test>
<test id="s1-t7" name="a=1&gt;7">
<kw name="Input Text" library="SeleniumLibrary">
<doc>Types the given ``text`` into text field identified by ``locator``.</doc>
<arguments>
<arg>side_a</arg>
<arg>175</arg>
</arguments>
<msg timestamp="20190821 17:09:30.168" level="INFO">Typing text '175' into text field 'side_a'.</msg>
<status status="PASS" starttime="20190821 17:09:30.168" endtime="20190821 17:09:30.599"></status>
</kw>
<kw name="Input Text" library="SeleniumLibrary">
<doc>Types the given ``text`` into text field identified by ``locator``.</doc>
<arguments>
<arg>side_b</arg>
<arg>351</arg>
</arguments>
<msg timestamp="20190821 17:09:30.601" level="INFO">Typing text '351' into text field 'side_b'.</msg>
<status status="PASS" starttime="20190821 17:09:30.600" endtime="20190821 17:09:31.029"></status>
</kw>
<kw name="Input Text" library="SeleniumLibrary">
<doc>Types the given ``text`` into text field identified by ``locator``.</doc>
<arguments>
<arg>side_c</arg>
<arg>175</arg>
</arguments>
<msg timestamp="20190821 17:09:31.031" level="INFO">Typing text '175' into text field 'side_c'.</msg>
<status status="PASS" starttime="20190821 17:09:31.030" endtime="20190821 17:09:31.449"></status>
</kw>
<kw name="Click Button" library="SeleniumLibrary">
<doc>Clicks button identified by ``locator``.</doc>
<arguments>
<arg>submit</arg>
</arguments>
<msg timestamp="20190821 17:09:31.451" level="INFO">Clicking button 'submit'.</msg>
<status status="PASS" starttime="20190821 17:09:31.450" endtime="20190821 17:09:31.835"></status>
</kw>
<kw name="Wait Until Page Contains" library="SeleniumLibrary">
<doc>Waits until ``text`` appears on current page.</doc>
<arguments>
<arg>Vaules of a and b are not in the range of values</arg>
</arguments>
<kw name="Capture Page Screenshot" library="SeleniumLibrary">
<doc>Takes screenshot of the current page and embeds it into log file.</doc>
<msg timestamp="20190821 17:09:37.428" level="INFO" html="yes">&lt;/td&gt;&lt;/tr&gt;&lt;tr&gt;&lt;td colspan="3"&gt;&lt;a href="selenium-screenshot-27.png"&gt;&lt;img src="selenium-screenshot-27.png" width="800px"&gt;&lt;/a&gt;</msg>
<status status="PASS" starttime="20190821 17:09:37.002" endtime="20190821 17:09:37.428"></status>
</kw>
<msg timestamp="20190821 17:09:37.430" level="FAIL">Text 'Vaules of a and b are not in the range of values' did not appear in 5 seconds.</msg>
<status status="FAIL" starttime="20190821 17:09:31.836" endtime="20190821 17:09:37.430"></status>
</kw>
<status status="FAIL" starttime="20190821 17:09:30.166" endtime="20190821 17:09:37.432" critical="yes">Text 'Vaules of a and b are not in the range of values' did not appear in 5 seconds.</status>
</test>
<test id="s1-t8" name="a=1&gt;8">
<kw name="Input Text" library="SeleniumLibrary">
<doc>Types the given ``text`` into text field identified by ``locator``.</doc>
<arguments>
<arg>side_a</arg>
<arg>1</arg>
</arguments>
<msg timestamp="20190821 17:09:37.440" level="INFO">Typing text '1' into text field 'side_a'.</msg>
<status status="PASS" starttime="20190821 17:09:37.440" endtime="20190821 17:09:37.853"></status>
</kw>
<kw name="Input Text" library="SeleniumLibrary">
<doc>Types the given ``text`` into text field identified by ``locator``.</doc>
<arguments>
<arg>side_b</arg>
<arg>2</arg>
</arguments>
<msg timestamp="20190821 17:09:37.855" level="INFO">Typing text '2' into text field 'side_b'.</msg>
<status status="PASS" starttime="20190821 17:09:37.854" endtime="20190821 17:09:38.274"></status>
</kw>
<kw name="Input Text" library="SeleniumLibrary">
<doc>Types the given ``text`` into text field identified by ``locator``.</doc>
<arguments>
<arg>side_c</arg>
<arg>175</arg>
</arguments>
<msg timestamp="20190821 17:09:38.276" level="INFO">Typing text '175' into text field 'side_c'.</msg>
<status status="PASS" starttime="20190821 17:09:38.275" endtime="20190821 17:09:38.701"></status>
</kw>
<kw name="Click Button" library="SeleniumLibrary">
<doc>Clicks button identified by ``locator``.</doc>
<arguments>
<arg>submit</arg>
</arguments>
<msg timestamp="20190821 17:09:38.703" level="INFO">Clicking button 'submit'.</msg>
<status status="PASS" starttime="20190821 17:09:38.702" endtime="20190821 17:09:39.098"></status>
</kw>
<status status="PASS" starttime="20190821 17:09:37.438" endtime="20190821 17:09:39.099" critical="yes"></status>
</test>
<test id="s1-t9" name="a=1&gt;9">
<kw name="Input Text" library="SeleniumLibrary">
<doc>Types the given ``text`` into text field identified by ``locator``.</doc>
<arguments>
<arg>side_a</arg>
<arg>1</arg>
</arguments>
<msg timestamp="20190821 17:09:39.106" level="INFO">Typing text '1' into text field 'side_a'.</msg>
<status status="PASS" starttime="20190821 17:09:39.105" endtime="20190821 17:09:39.520"></status>
</kw>
<kw name="Input Text" library="SeleniumLibrary">
<doc>Types the given ``text`` into text field identified by ``locator``.</doc>
<arguments>
<arg>side_b</arg>
<arg>2</arg>
</arguments>
<msg timestamp="20190821 17:09:39.522" level="INFO">Typing text '2' into text field 'side_b'.</msg>
<status status="PASS" starttime="20190821 17:09:39.521" endtime="20190821 17:09:39.941"></status>
</kw>
<kw name="Input Text" library="SeleniumLibrary">
<doc>Types the given ``text`` into text field identified by ``locator``.</doc>
<arguments>
<arg>side_c</arg>
<arg>349</arg>
</arguments>
<msg timestamp="20190821 17:09:39.943" level="INFO">Typing text '349' into text field 'side_c'.</msg>
<status status="PASS" starttime="20190821 17:09:39.942" endtime="20190821 17:09:40.373"></status>
</kw>
<kw name="Click Button" library="SeleniumLibrary">
<doc>Clicks button identified by ``locator``.</doc>
<arguments>
<arg>submit</arg>
</arguments>
<msg timestamp="20190821 17:09:40.375" level="INFO">Clicking button 'submit'.</msg>
<status status="PASS" starttime="20190821 17:09:40.374" endtime="20190821 17:09:40.775"></status>
</kw>
<status status="PASS" starttime="20190821 17:09:39.104" endtime="20190821 17:09:40.776" critical="yes"></status>
</test>
<status status="FAIL" starttime="20190821 17:08:43.261" endtime="20190821 17:09:40.783"></status>
</suite>
<statistics>
<total>
<stat pass="2" fail="7">Critical Tests</stat>
<stat pass="2" fail="7">All Tests</stat>
</total>
<tag>
</tag>
<suite>
<stat pass="2" fail="7" id="s1" name="Robustness">Robustness</stat>
</suite>
</statistics>
<errors>
</errors>
</robot>
